<?xml version="1.0" encoding="UTF-8"?>
<coverage generated="1661291755877" clover="3.2.0">
  <project timestamp="1661291755877" name="All files">
    <metrics statements="80" coveredstatements="54" conditionals="31" coveredconditionals="11" methods="34" coveredmethods="9" elements="145" coveredelements="74" complexity="0" loc="80" ncloc="80" packages="5" files="7" classes="7"/>
    <package name="Features.user">
      <metrics statements="33" coveredstatements="27" conditionals="12" coveredconditionals="11" methods="11" coveredmethods="5"/>
      <file name="index.ts" path="C:\Users\Kammi\Desktop\Coding\full_stack_projects\chat_app\server\src\Features\user\index.ts">
        <metrics statements="5" coveredstatements="5" conditionals="0" coveredconditionals="0" methods="1" coveredmethods="1"/>
        <line num="1" count="1" type="stmt"/>
        <line num="2" count="1" type="stmt"/>
        <line num="3" count="1" type="stmt"/>
        <line num="5" count="1" type="stmt"/>
        <line num="8" count="7" type="stmt"/>
      </file>
      <file name="user.ts" path="C:\Users\Kammi\Desktop\Coding\full_stack_projects\chat_app\server\src\Features\user\user.ts">
        <metrics statements="28" coveredstatements="22" conditionals="12" coveredconditionals="11" methods="10" coveredmethods="4"/>
        <line num="16" count="1" type="stmt"/>
        <line num="17" count="1" type="stmt"/>
        <line num="25" count="8" type="cond" truecount="3" falsecount="0"/>
        <line num="26" count="1" type="stmt"/>
        <line num="29" count="7" type="stmt"/>
        <line num="30" count="7" type="cond" truecount="1" falsecount="0"/>
        <line num="31" count="1" type="stmt"/>
        <line num="34" count="6" type="cond" truecount="3" falsecount="0"/>
        <line num="35" count="1" type="stmt"/>
        <line num="40" count="5" type="cond" truecount="1" falsecount="0"/>
        <line num="41" count="1" type="stmt"/>
        <line num="44" count="4" type="cond" truecount="1" falsecount="0"/>
        <line num="45" count="1" type="stmt"/>
        <line num="48" count="3" type="cond" truecount="1" falsecount="0"/>
        <line num="49" count="1" type="stmt"/>
        <line num="52" count="2" type="cond" truecount="1" falsecount="0"/>
        <line num="53" count="1" type="stmt"/>
        <line num="56" count="1" type="stmt"/>
        <line num="57" count="1" type="stmt"/>
        <line num="58" count="0" type="stmt"/>
        <line num="59" count="1" type="stmt"/>
        <line num="60" count="0" type="stmt"/>
        <line num="61" count="0" type="stmt"/>
        <line num="62" count="0" type="stmt"/>
        <line num="63" count="0" type="stmt"/>
        <line num="65" count="1" type="stmt"/>
        <line num="66" count="1" type="stmt"/>
        <line num="68" count="0" type="stmt"/>
      </file>
    </package>
    <package name="Features.user.data-access">
      <metrics statements="22" coveredstatements="16" conditionals="0" coveredconditionals="0" methods="13" coveredmethods="3"/>
      <file name="index.ts" path="C:\Users\Kammi\Desktop\Coding\full_stack_projects\chat_app\server\src\Features\user\data-access\index.ts">
        <metrics statements="8" coveredstatements="8" conditionals="0" coveredconditionals="0" methods="1" coveredmethods="1"/>
        <line num="1" count="1" type="stmt"/>
        <line num="2" count="1" type="stmt"/>
        <line num="3" count="1" type="stmt"/>
        <line num="9" count="1" type="stmt"/>
        <line num="11" count="1" type="stmt"/>
        <line num="12" count="1" type="stmt"/>
        <line num="15" count="1" type="stmt"/>
        <line num="17" count="1" type="stmt"/>
      </file>
      <file name="users-db.ts" path="C:\Users\Kammi\Desktop\Coding\full_stack_projects\chat_app\server\src\Features\user\data-access\users-db.ts">
        <metrics statements="14" coveredstatements="8" conditionals="0" coveredconditionals="0" methods="12" coveredmethods="2"/>
        <line num="7" count="1" type="stmt"/>
        <line num="8" count="1" type="stmt"/>
        <line num="18" count="1" type="stmt"/>
        <line num="19" count="1" type="stmt"/>
        <line num="20" count="1" type="stmt"/>
        <line num="21" count="1" type="stmt"/>
        <line num="22" count="1" type="stmt"/>
        <line num="24" count="0" type="stmt"/>
        <line num="26" count="1" type="stmt"/>
        <line num="29" count="0" type="stmt"/>
        <line num="30" count="0" type="stmt"/>
        <line num="31" count="0" type="stmt"/>
        <line num="32" count="0" type="stmt"/>
        <line num="33" count="0" type="stmt"/>
      </file>
    </package>
    <package name="Utilities.id">
      <metrics statements="3" coveredstatements="2" conditionals="0" coveredconditionals="0" methods="1" coveredmethods="0"/>
      <file name="index.ts" path="C:\Users\Kammi\Desktop\Coding\full_stack_projects\chat_app\server\src\Utilities\id\index.ts">
        <metrics statements="3" coveredstatements="2" conditionals="0" coveredconditionals="0" methods="1" coveredmethods="0"/>
        <line num="1" count="1" type="stmt"/>
        <line num="7" count="1" type="stmt"/>
        <line num="8" count="0" type="stmt"/>
      </file>
    </package>
    <package name="Utilities.moderateText">
      <metrics statements="18" coveredstatements="7" conditionals="16" coveredconditionals="0" methods="5" coveredmethods="0"/>
      <file name="index.ts" path="C:\Users\Kammi\Desktop\Coding\full_stack_projects\chat_app\server\src\Utilities\moderateText\index.ts">
        <metrics statements="18" coveredstatements="7" conditionals="16" coveredconditionals="0" methods="5" coveredmethods="0"/>
        <line num="1" count="1" type="stmt"/>
        <line num="2" count="1" type="stmt"/>
        <line num="3" count="1" type="stmt"/>
        <line num="4" count="1" type="stmt"/>
        <line num="6" count="1" type="stmt"/>
        <line num="7" count="0" type="stmt"/>
        <line num="8" count="0" type="stmt"/>
        <line num="9" count="0" type="stmt"/>
        <line num="10" count="0" type="stmt"/>
        <line num="11" count="0" type="stmt"/>
        <line num="12" count="0" type="stmt"/>
        <line num="13" count="0" type="stmt"/>
        <line num="16" count="1" type="stmt"/>
        <line num="17" count="0" type="stmt"/>
        <line num="24" count="0" type="cond" truecount="0" falsecount="12"/>
        <line num="28" count="0" type="stmt"/>
        <line num="29" count="0" type="stmt"/>
        <line num="40" count="1" type="stmt"/>
      </file>
    </package>
    <package name="Utilities.pipe">
      <metrics statements="4" coveredstatements="2" conditionals="3" coveredconditionals="0" methods="4" coveredmethods="1"/>
      <file name="index.ts" path="C:\Users\Kammi\Desktop\Coding\full_stack_projects\chat_app\server\src\Utilities\pipe\index.ts">
        <metrics statements="4" coveredstatements="2" conditionals="3" coveredconditionals="0" methods="4" coveredmethods="1"/>
        <line num="2" count="2" type="stmt"/>
        <line num="3" count="0" type="stmt"/>
        <line num="4" count="0" type="cond" truecount="0" falsecount="3"/>
        <line num="9" count="2" type="stmt"/>
      </file>
    </package>
  </project>
</coverage>
