TN:
SF:src\Features\user\index.ts
FN:7,sanitizeText
FNF:1
FNH:1
FNDA:7,sanitizeText
DA:1,1
DA:2,1
DA:3,1
DA:5,1
DA:8,7
LF:5
LH:5
BRF:0
BRH:0
end_of_record
TN:
SF:src\Features\user\user.ts
FN:16,buildUser
FN:17,makeUser
FN:58,(anonymous_2)
FN:59,(anonymous_3)
FN:60,(anonymous_4)
FN:61,(anonymous_5)
FN:62,(anonymous_6)
FN:63,(anonymous_7)
FN:64,(anonymous_8)
FN:68,(anonymous_9)
FNF:10
FNH:4
FNDA:1,buildUser
FNDA:8,makeUser
FNDA:0,(anonymous_2)
FNDA:1,(anonymous_3)
FNDA:0,(anonymous_4)
FNDA:0,(anonymous_5)
FNDA:0,(anonymous_6)
FNDA:0,(anonymous_7)
FNDA:1,(anonymous_8)
FNDA:0,(anonymous_9)
DA:16,1
DA:17,1
DA:25,8
DA:26,1
DA:29,7
DA:30,7
DA:31,1
DA:34,6
DA:35,1
DA:40,5
DA:41,1
DA:44,4
DA:45,1
DA:48,3
DA:49,1
DA:52,2
DA:53,1
DA:56,1
DA:57,1
DA:58,0
DA:59,1
DA:60,0
DA:61,0
DA:62,0
DA:63,0
DA:65,1
DA:66,1
DA:68,0
LF:28
LH:22
BRDA:18,0,0,0
BRDA:25,1,0,1
BRDA:25,2,0,8
BRDA:25,2,1,7
BRDA:30,3,0,1
BRDA:34,4,0,1
BRDA:34,5,0,6
BRDA:34,5,1,5
BRDA:40,6,0,1
BRDA:44,7,0,1
BRDA:48,8,0,1
BRDA:52,9,0,1
BRF:12
BRH:11
end_of_record
TN:
SF:src\Features\user\data-access\index.ts
FN:11,makeDb
FNF:1
FNH:1
FNDA:1,makeDb
DA:1,1
DA:2,1
DA:3,1
DA:9,1
DA:11,1
DA:12,1
DA:15,1
DA:17,1
LF:8
LH:8
BRF:0
BRH:0
end_of_record
TN:
SF:src\Features\user\data-access\users-db.ts
FN:7,makeUsersDb
FN:17,findById
FN:29,findByUsername
FN:29,(anonymous_11)
FN:30,update
FN:30,(anonymous_13)
FN:31,remove
FN:31,(anonymous_15)
FN:32,insert
FN:32,(anonymous_17)
FN:33,findByEmail
FN:33,(anonymous_19)
FNF:12
FNH:2
FNDA:1,makeUsersDb
FNDA:1,findById
FNDA:0,findByUsername
FNDA:0,(anonymous_11)
FNDA:0,update
FNDA:0,(anonymous_13)
FNDA:0,remove
FNDA:0,(anonymous_15)
FNDA:0,insert
FNDA:0,(anonymous_17)
FNDA:0,findByEmail
FNDA:0,(anonymous_19)
DA:7,1
DA:8,1
DA:18,1
DA:19,1
DA:20,1
DA:21,1
DA:22,1
DA:24,0
DA:26,1
DA:29,0
DA:30,0
DA:31,0
DA:32,0
DA:33,0
LF:14
LH:8
BRF:0
BRH:0
end_of_record
TN:
SF:src\Utilities\id\index.ts
FN:8,(anonymous_0)
FNF:1
FNH:0
FNDA:0,(anonymous_0)
DA:1,1
DA:7,1
DA:8,0
LF:3
LH:2
BRF:0
BRH:0
end_of_record
TN:
SF:src\Utilities\moderateText\index.ts
FN:6,(anonymous_8)
FN:16,(anonymous_9)
FN:16,(anonymous_10)
FN:23,(anonymous_11)
FN:26,(anonymous_12)
FNF:5
FNH:0
FNDA:0,(anonymous_8)
FNDA:0,(anonymous_9)
FNDA:0,(anonymous_10)
FNDA:0,(anonymous_11)
FNDA:0,(anonymous_12)
DA:1,1
DA:2,1
DA:3,1
DA:4,1
DA:6,1
DA:7,0
DA:8,0
DA:9,0
DA:10,0
DA:11,0
DA:12,0
DA:13,0
DA:16,1
DA:17,0
DA:24,0
DA:28,0
DA:29,0
DA:40,1
LF:18
LH:7
BRDA:21,0,0,0
BRDA:21,0,1,0
BRDA:21,1,0,0
BRDA:21,1,1,0
BRDA:24,2,0,0
BRDA:24,2,1,0
BRDA:24,3,0,0
BRDA:24,3,1,0
BRDA:24,4,0,0
BRDA:24,4,1,0
BRDA:24,5,0,0
BRDA:24,5,1,0
BRDA:24,6,0,0
BRDA:24,6,1,0
BRDA:24,7,0,0
BRDA:24,7,1,0
BRF:16
BRH:0
end_of_record
TN:
SF:src\Utilities\pipe\index.ts
FN:1,pipe
FN:2,(anonymous_8)
FN:2,(anonymous_9)
FN:4,(anonymous_10)
FNF:4
FNH:1
FNDA:2,pipe
FNDA:0,(anonymous_8)
FNDA:0,(anonymous_9)
FNDA:0,(anonymous_10)
DA:2,2
DA:3,0
DA:4,0
DA:9,2
LF:4
LH:2
BRDA:4,0,0,0
BRDA:4,0,1,0
BRDA:4,0,2,0
BRF:3
BRH:0
end_of_record
